<html>
<head>
<title>TestNG:  Test</title>
<link href="../testng.css" rel="stylesheet" type="text/css" />
<link href="../my-testng.css" rel="stylesheet" type="text/css" />

<style type="text/css">
.log { display: none;} 
.stack-trace { display: none;} 
</style>
<script type="text/javascript">
<!--
function flip(e) {
  current = e.style.display;
  if (current == 'block') {
    e.style.display = 'none';
    return 0;
  }
  else {
    e.style.display = 'block';
    return 1;
  }
}

function toggleBox(szDivId, elem, msg1, msg2)
{
  var res = -1;  if (document.getElementById) {
    res = flip(document.getElementById(szDivId));
  }
  else if (document.all) {
    // this is the way old msie versions work
    res = flip(document.all[szDivId]);
  }
  if(elem) {
    if(res == 0) elem.innerHTML = msg1; else elem.innerHTML = msg2;
  }

}

function toggleAllBoxes() {
  if (document.getElementsByTagName) {
    d = document.getElementsByTagName('div');
    for (i = 0; i < d.length; i++) {
      if (d[i].className == 'log') {
        flip(d[i]);
      }
    }
  }
}

// -->
</script>

</head>
<body>
<h2 align='center'>Test</h2><table border='1' align="center">
<tr>
<td>Tests passed/Failed/Skipped:</td><td>5/1/0</td>
</tr><tr>
<td>Started on:</td><td>Fri Feb 14 16:54:33 IST 2025</td>
</tr>
<tr><td>Total time:</td><td>531 seconds (531505 ms)</td>
</tr><tr>
<td>Included groups:</td><td></td>
</tr><tr>
<td>Excluded groups:</td><td></td>
</tr>
</table><p/>
<small><i>(Hover the method name to see the test class name)</i></small><p/>
<table width='100%' border='1' class='invocation-failed'>
<tr><td colspan='4' align='center'><b>FAILED TESTS</b></td></tr>
<tr><td><b>Test method</b></td>
<td><b>Attribute(s)</b></td>
<td width="30%"><b>Exception</b></td>
<td width="10%"><b>Time (seconds)</b></td>
<td><b>Instance</b></td>
</tr>
<tr>
<td title='aboutUsScripts.AboutUsValidation.aboutUsValidation()'><b>aboutUsValidation</b><br>Test class: aboutUsScripts.AboutUsValidation<br/>
<a href="#Output-8415638" onClick='toggleBox("Output-8415638", this, "Show output", "Hide output");'>Show output</a>

<a href="#Output-8415638" onClick="toggleAllBoxes();">Show all outputs</a>
<div class='log' id="Output-8415638">
aboutUsValidation is executing<br/>
About Us is navigated to correct page<br/>
About Company is navigated to correct page<br/>
All three portfolio blocks are navigated to correct page<br/>
All three portfolio blocks are navigated to correct page<br/>
</div>
</td>
<td><div><pre>org.openqa.selenium.NoSuchElementException: no such element: Unable to locate element: {&quot;method&quot;:&quot;xpath&quot;,&quot;selector&quot;:&quot;//img[contains(@alt,&apos;Metapercept_logo&apos;)]&quot;}
  (Session info: chrome=132.0.6834.197)
For documentation on this error, please visit: https://www.selenium.dev/documentation/webdriver/troubleshooting/errors#no-such-element-exception
Build info: version: &apos;4.16.0&apos;, revision: &apos;15400459dd*&apos;
System info: os.name: &apos;Windows 10&apos;, os.arch: &apos;amd64&apos;, os.version: &apos;10.0&apos;, java.version: &apos;22&apos;
Driver info: org.openqa.selenium.chrome.ChromeDriver
Command: [f05ee31ee0c43876c679249ee98d272c, findElement {using=xpath, value=//img[contains(@alt,&apos;Metapercept_logo&apos;)]}]
Capabilities {acceptInsecureCerts: false, browserName: chrome, browserVersion: 132.0.6834.197, chrome: {chromedriverVersion: 132.0.6834.159 (2d77d3fc445..., userDataDir: C:\Users\Admin\AppData\Loca...}, fedcm:accounts: true, goog:chromeOptions: {debuggerAddress: localhost:61049}, networkConnectionEnabled: false, pageLoadStrategy: normal, platformName: windows, proxy: Proxy(), se:cdp: ws://localhost:61049/devtoo..., se:cdpVersion: 132.0.6834.197, setWindowRect: true, strictFileInteractability: false, timeouts: {implicit: 0, pageLoad: 300000, script: 30000}, unhandledPromptBehavior: dismiss and notify, webauthn:extension:credBlob: true, webauthn:extension:largeBlob: true, webauthn:extension:minPinLength: true, webauthn:extension:prf: true, webauthn:virtualAuthenticators: true}
Session ID: f05ee31ee0c43876c679249ee98d272c
	at org.openqa.selenium.remote.codec.w3c.W3CHttpResponseCodec.createException(W3CHttpResponseCodec.java:200)
	at org.openqa.selenium.remote.codec.w3c.W3CHttpResponseCodec.decode(W3CHttpResponseCodec.java:133)
	at org.openqa.selenium.remote.codec.w3c.W3CHttpResponseCodec.decode(W3CHttpResponseCodec.java:52)
	at org.openqa.selenium.remote.HttpCommandExecutor.execute(HttpCommandExecutor.java:191)
	at org.openqa.selenium.remote.service.DriverCommandExecutor.invokeExecute(DriverCommandExecutor.java:200)
	at org.openqa.selenium.remote.service.DriverCommandExecutor.execute(DriverCommandExecutor.java:175)
	at org.openqa.selenium.remote.RemoteWebDriver.execute(RemoteWebDriver.java:523)
	at org.openqa.selenium.remote.ElementLocation$ElementFinder$2.findElement(ElementLocation.java:165)
	at org.openqa.selenium.remote.ElementLocation.findElement(ElementLocation.java:59)
	at org.openqa.selenium.remote.RemoteWebDriver.findElement(RemoteWebDriver.java:360)
	at org.openqa.selenium.remote.RemoteWebDriver.findElement(RemoteWebDriver.java:354)
	at org.openqa.selenium.support.pagefactory.DefaultElementLocator.findElement(DefaultElementLocator.java:68)
	at org.openqa.selenium.support.pagefactory.internal.LocatingElementHandler.invoke(LocatingElementHandler.java:38)
	at jdk.proxy2/jdk.proxy2.$Proxy14.click(Unknown Source)
	at aboutUsScripts.AboutUsValidation.aboutUsValidation(AboutUsValidation.java:55)
	at java.base/java.util.ArrayList.forEach(ArrayList.java:1597)
... Removed 28 stack frames</pre></div><a href='#' onClick='toggleBox("stack-trace8415638", this, "Click to show all stack frames", "Click to hide stack frames")'>Click to show all stack frames</a>
<div class='stack-trace' id='stack-trace8415638'><pre>org.openqa.selenium.NoSuchElementException: no such element: Unable to locate element: {&quot;method&quot;:&quot;xpath&quot;,&quot;selector&quot;:&quot;//img[contains(@alt,&apos;Metapercept_logo&apos;)]&quot;}
  (Session info: chrome=132.0.6834.197)
For documentation on this error, please visit: https://www.selenium.dev/documentation/webdriver/troubleshooting/errors#no-such-element-exception
Build info: version: &apos;4.16.0&apos;, revision: &apos;15400459dd*&apos;
System info: os.name: &apos;Windows 10&apos;, os.arch: &apos;amd64&apos;, os.version: &apos;10.0&apos;, java.version: &apos;22&apos;
Driver info: org.openqa.selenium.chrome.ChromeDriver
Command: [f05ee31ee0c43876c679249ee98d272c, findElement {using=xpath, value=//img[contains(@alt,&apos;Metapercept_logo&apos;)]}]
Capabilities {acceptInsecureCerts: false, browserName: chrome, browserVersion: 132.0.6834.197, chrome: {chromedriverVersion: 132.0.6834.159 (2d77d3fc445..., userDataDir: C:\Users\Admin\AppData\Loca...}, fedcm:accounts: true, goog:chromeOptions: {debuggerAddress: localhost:61049}, networkConnectionEnabled: false, pageLoadStrategy: normal, platformName: windows, proxy: Proxy(), se:cdp: ws://localhost:61049/devtoo..., se:cdpVersion: 132.0.6834.197, setWindowRect: true, strictFileInteractability: false, timeouts: {implicit: 0, pageLoad: 300000, script: 30000}, unhandledPromptBehavior: dismiss and notify, webauthn:extension:credBlob: true, webauthn:extension:largeBlob: true, webauthn:extension:minPinLength: true, webauthn:extension:prf: true, webauthn:virtualAuthenticators: true}
Session ID: f05ee31ee0c43876c679249ee98d272c
	at java.base/jdk.internal.reflect.DirectConstructorHandleAccessor.newInstance(DirectConstructorHandleAccessor.java:62)
	at java.base/java.lang.reflect.Constructor.newInstanceWithCaller(Constructor.java:502)
	at java.base/java.lang.reflect.Constructor.newInstance(Constructor.java:486)
	at org.openqa.selenium.remote.codec.w3c.W3CHttpResponseCodec.createException(W3CHttpResponseCodec.java:200)
	at org.openqa.selenium.remote.codec.w3c.W3CHttpResponseCodec.decode(W3CHttpResponseCodec.java:133)
	at org.openqa.selenium.remote.codec.w3c.W3CHttpResponseCodec.decode(W3CHttpResponseCodec.java:52)
	at org.openqa.selenium.remote.HttpCommandExecutor.execute(HttpCommandExecutor.java:191)
	at org.openqa.selenium.remote.service.DriverCommandExecutor.invokeExecute(DriverCommandExecutor.java:200)
	at org.openqa.selenium.remote.service.DriverCommandExecutor.execute(DriverCommandExecutor.java:175)
	at org.openqa.selenium.remote.RemoteWebDriver.execute(RemoteWebDriver.java:523)
	at org.openqa.selenium.remote.ElementLocation$ElementFinder$2.findElement(ElementLocation.java:165)
	at org.openqa.selenium.remote.ElementLocation.findElement(ElementLocation.java:59)
	at org.openqa.selenium.remote.RemoteWebDriver.findElement(RemoteWebDriver.java:360)
	at org.openqa.selenium.remote.RemoteWebDriver.findElement(RemoteWebDriver.java:354)
	at org.openqa.selenium.support.pagefactory.DefaultElementLocator.findElement(DefaultElementLocator.java:68)
	at org.openqa.selenium.support.pagefactory.internal.LocatingElementHandler.invoke(LocatingElementHandler.java:38)
	at jdk.proxy2/jdk.proxy2.$Proxy14.click(Unknown Source)
	at aboutUsScripts.AboutUsValidation.aboutUsValidation(AboutUsValidation.java:55)
	at java.base/jdk.internal.reflect.DirectMethodHandleAccessor.invoke(DirectMethodHandleAccessor.java:103)
	at java.base/java.lang.reflect.Method.invoke(Method.java:580)
	at org.testng.internal.invokers.MethodInvocationHelper.invokeMethod(MethodInvocationHelper.java:139)
	at org.testng.internal.invokers.TestInvoker.invokeMethod(TestInvoker.java:664)
	at org.testng.internal.invokers.TestInvoker.invokeTestMethod(TestInvoker.java:227)
	at org.testng.internal.invokers.MethodRunner.runInSequence(MethodRunner.java:50)
	at org.testng.internal.invokers.TestInvoker$MethodInvocationAgent.invoke(TestInvoker.java:957)
	at org.testng.internal.invokers.TestInvoker.invokeTestMethods(TestInvoker.java:200)
	at org.testng.internal.invokers.TestMethodWorker.invokeTestMethods(TestMethodWorker.java:148)
	at org.testng.internal.invokers.TestMethodWorker.run(TestMethodWorker.java:128)
	at java.base/java.util.ArrayList.forEach(ArrayList.java:1597)
	at org.testng.TestRunner.privateRun(TestRunner.java:848)
	at org.testng.TestRunner.run(TestRunner.java:621)
	at org.testng.SuiteRunner.runTest(SuiteRunner.java:443)
	at org.testng.SuiteRunner.runSequentially(SuiteRunner.java:437)
	at org.testng.SuiteRunner.privateRun(SuiteRunner.java:397)
	at org.testng.SuiteRunner.run(SuiteRunner.java:336)
	at org.testng.SuiteRunnerWorker.runSuite(SuiteRunnerWorker.java:52)
	at org.testng.SuiteRunnerWorker.run(SuiteRunnerWorker.java:95)
	at org.testng.TestNG.runSuitesSequentially(TestNG.java:1280)
	at org.testng.TestNG.runSuitesLocally(TestNG.java:1200)
	at org.testng.TestNG.runSuites(TestNG.java:1114)
	at org.testng.TestNG.run(TestNG.java:1082)
	at org.testng.remote.AbstractRemoteTestNG.run(AbstractRemoteTestNG.java:115)
	at org.testng.remote.RemoteTestNG.initAndRun(RemoteTestNG.java:293)
	at org.testng.remote.RemoteTestNG.main(RemoteTestNG.java:91)
</pre></div></td>
<td>43</td>
<td>aboutUsScripts.AboutUsValidation@1573f9fc</td></tr>
</table><p>
<table width='100%' border='1' class='invocation-passed'>
<tr><td colspan='4' align='center'><b>PASSED TESTS</b></td></tr>
<tr><td><b>Test method</b></td>
<td><b>Attribute(s)</b></td>
<td width="30%"><b>Exception</b></td>
<td width="10%"><b>Time (seconds)</b></td>
<td><b>Instance</b></td>
</tr>
<tr>
<td title='aboutUsScripts.PartnersValidation.partnersValidation()'><b>partnersValidation</b><br>Test class: aboutUsScripts.PartnersValidation<br/>
<a href="#Output-79620878" onClick='toggleBox("Output-79620878", this, "Show output", "Hide output");'>Show output</a>

<a href="#Output-79620878" onClick="toggleAllBoxes();">Show all outputs</a>
<div class='log' id="Output-79620878">
partnersValidation is executing<br/>
All partners redirected to its destination<br/>
</div>
</td>
<td></td>
<td>145</td>
<td>aboutUsScripts.PartnersValidation@34123d65</td></tr>
<tr>
<td title='aboutUsScripts.AboutUsPortfolioValidation.aboutUsPortfolioValidation()'><b>aboutUsPortfolioValidation</b><br>Test class: aboutUsScripts.AboutUsPortfolioValidation<br/>
<a href="#Output-1274547241" onClick='toggleBox("Output-1274547241", this, "Show output", "Hide output");'>Show output</a>

<a href="#Output-1274547241" onClick="toggleAllBoxes();">Show all outputs</a>
<div class='log' id="Output-1274547241">
aboutUsPortfolioValidation is executing<br/>
All portfolio blocks are redirected to correct page<br/>
All blocks are redirecting to correct page<br/>
</div>
</td>
<td></td>
<td>116</td>
<td>aboutUsScripts.AboutUsPortfolioValidation@6150c3ec</td></tr>
<tr>
<td title='aboutUsScripts.AboutUsCareersValidation.aboutUsCareerValidation()'><b>aboutUsCareerValidation</b><br>Test class: aboutUsScripts.AboutUsCareersValidation<br/>
<a href="#Output-1482986993" onClick='toggleBox("Output-1482986993", this, "Show output", "Hide output");'>Show output</a>

<a href="#Output-1482986993" onClick="toggleAllBoxes();">Show all outputs</a>
<div class='log' id="Output-1482986993">
aboutUsCareerValidation is executing<br/>
Career is navigated to the correct page<br/>
Apply now is redirecting to correct page<br/>
Bottom apply now button is redirecting to correct page<br/>
</div>
</td>
<td></td>
<td>5</td>
<td>aboutUsScripts.AboutUsCareersValidation@44c03695</td></tr>
<tr>
<td title='aboutUsScripts.AboutUsBlogsValidation.postCategoriesValidation()'><b>postCategoriesValidation</b><br>Test class: aboutUsScripts.AboutUsBlogsValidation<br/>
<a href="#Output-689147194" onClick='toggleBox("Output-689147194", this, "Show output", "Hide output");'>Show output</a>

<a href="#Output-689147194" onClick="toggleAllBoxes();">Show all outputs</a>
<div class='log' id="Output-689147194">
postCategoriesValidation is executing<br/>
Blog is navigated to correct page<br/>
</div>
</td>
<td></td>
<td>24</td>
<td>aboutUsScripts.AboutUsBlogsValidation@5542c4ed</td></tr>
<tr>
<td title='aboutUsScripts.CompanyMValidation.companyValidation()'><b>companyValidation</b><br>Test class: aboutUsScripts.CompanyMValidation<br/>
<a href="#Output-1950555036" onClick='toggleBox("Output-1950555036", this, "Show output", "Hide output");'>Show output</a>

<a href="#Output-1950555036" onClick="toggleAllBoxes();">Show all outputs</a>
<div class='log' id="Output-1950555036">
companyValidation is executing<br/>
Company is navigated to correct page<br/>
Join our team is navigated to correct page<br/>
NASSCOM is showing correct content<br/>
ISO 2022 is showing correct content<br/>
ISO 2015 is showing correct content<br/>
Automobile is showing correct content<br/>
Education is showing correct content<br/>
Healthcare is showing correct content<br/>
Defense is showing correct content<br/>
Aerospace is showing correct content<br/>
IT Hardware is showing correct content<br/>
Heavy Engineering is showing correct content<br/>
</div>
</td>
<td></td>
<td>79</td>
<td>aboutUsScripts.CompanyMValidation@7e6f74c</td></tr>
</table><p>
</body>
</html>